<?xml version="1.0" encoding="UTF-8"?>
<!-- Generated by org.testng.reporters.JUnitXMLReporter -->
<testsuite ignored="0" hostname="Promptora27" failures="0" tests="3" name="Test" time="33.985" errors="0" timestamp="2024-11-22T12:08:40 IST">
  <testcase classname="com.pack.utils.BaseTest" name="@BeforeMethod setupAndroidDriver" time="22.889">
    <failure type="java.lang.RuntimeException" message="AndroidDriver initialization failed">
      <![CDATA[java.lang.RuntimeException: AndroidDriver initialization failed
at com.pack.utils.BaseTest.setupAndroidDriver(BaseTest.java:55)
at java.base/java.util.ArrayList.forEach(ArrayList.java:1511)
... Removed 31 stack frames]]>
    </failure>
  </testcase> <!-- @BeforeMethod setupAndroidDriver -->
  <testcase classname="com.pack.utils.BaseTest" name="@BeforeMethod setupAndroidDriver" time="-1.732257520271E9">
    <skipped/>
  </testcase> <!-- @BeforeMethod setupAndroidDriver -->
  <testcase classname="com.pack.utils.BaseTest" name="@BeforeMethod setupAndroidDriver" time="-1.732257520278E9">
    <skipped/>
  </testcase> <!-- @BeforeMethod setupAndroidDriver -->
  <testcase classname="com.pack.utils.BaseTest" name="@AfterClass stopAppiumServer" time="-1.732257520285E9">
    <skipped/>
  </testcase> <!-- @AfterClass stopAppiumServer -->
  <testcase classname="com.pack.testsuite.GeneralStore" name="GeneralStoretest" time="0.0">
    <skipped/>
  </testcase> <!-- GeneralStoretest -->
  <testcase classname="com.pack.testsuite.GeneralStore" name="GeneralStoretest" time="0.0">
    <skipped/>
  </testcase> <!-- GeneralStoretest -->
  <testcase classname="com.pack.testsuite.GeneralStore" name="GeneralStoretest" time="0.0">
    <skipped/>
  </testcase> <!-- GeneralStoretest -->
</testsuite> <!-- Test -->
