<?xml version="1.0" encoding="UTF-8"?>
<testsuite xmlns:xsi="http://www.w3.org/2001/XMLSchema-instance" xsi:noNamespaceSchemaLocation="https://maven.apache.org/surefire/maven-surefire-plugin/xsd/surefire-test-report-3.0.xsd" version="3.0" name="TestSuite" time="150.371" tests="9" errors="0" skipped="0" failures="0">
  <properties>
[...]
</properties>
  <testcase name="GeneralStoretest[{name=Mounika, country=Denmark, gender=female}](1)" classname="com.pack.testsuite.GeneralStore" time="14.504">
    <system-out><![CDATA[Initializing ExtentReports...
ExtentReports initialized.
&amp#27;[38;5;112m[Appium]&amp#27;[0m Welcome to Appium v2.12.1
&amp#27;[38;5;112m[Appium]&amp#27;[0m Welcome to Appium v2.12.1
&amp#27;[38;5;112m[Appium]&amp#27;[0m Non-default server args:
&amp#27;[38;5;112m[Appium]&amp#27;[0m Welcome to Appium v2.12.1
&amp#27;[38;5;112m[Appium]&amp#27;[0m { address: &amp#27;[32m'127.0.0.1'&amp#27;[39m }
&amp#27;[38;5;112m[Appium]&amp#27;[0m The autodetected Appium home path: C:\Users\promp\.appium
&amp#27;[38;5;112m[Appium]&amp#27;[0m Non-default server args:
&amp#27;[38;5;112m[Appium]&amp#27;[0m Non-default server args:
&amp#27;[38;5;112m[Appium]&amp#27;[0m Attempting to load driver uiautomator2...
&amp#27;[38;5;112m[Appium]&amp#27;[0m Attempting to load driver xcuitest...
&amp#27;[38;5;112m[Appium]&amp#27;[0m Attempting to load driver chromium...
&amp#27;[38;5;112m[Appium]&amp#27;[0m { address: &amp#27;[32m'127.0.0.1'&amp#27;[39m }
&amp#27;[38;5;112m[Appium]&amp#27;[0m { address: &amp#27;[32m'127.0.0.1'&amp#27;[39m }
&amp#27;[38;5;112m[Appium]&amp#27;[0m The autodetected Appium home path: C:\Users\promp\.appium
&amp#27;[38;5;112m[Appium]&amp#27;[0m The autodetected Appium home path: C:\Users\promp\.appium
&amp#27;[38;5;112m[Appium]&amp#27;[0m Attempting to load driver uiautomator2...
&amp#27;[38;5;112m[Appium]&amp#27;[0m Attempting to load driver uiautomator2...
&amp#27;[38;5;112m[Appium]&amp#27;[0m Attempting to load driver xcuitest...
&amp#27;[38;5;112m[Appium]&amp#27;[0m Requiring driver at C:\Users\promp\.appium\node_modules\appium-chromium-driver\index.js
&amp#27;[38;5;112m[Appium]&amp#27;[0m Attempting to load driver chromium...
&amp#27;[38;5;112m[Appium]&amp#27;[0m Attempting to load driver xcuitest...
&amp#27;[38;5;112m[Appium]&amp#27;[0m Attempting to load driver chromium...
&amp#27;[38;5;112m[Appium]&amp#27;[0m Requiring driver at C:\Users\promp\.appium\node_modules\appium-uiautomator2-driver\build\index.js
&amp#27;[38;5;112m[Appium]&amp#27;[0m Requiring driver at C:\Users\promp\.appium\node_modules\appium-uiautomator2-driver\build\index.js
&amp#27;[38;5;112m[Appium]&amp#27;[0m Requiring driver at C:\Users\promp\.appium\node_modules\appium-xcuitest-driver\build\index.js
&amp#27;[38;5;112m[Appium]&amp#27;[0m Requiring driver at C:\Users\promp\.appium\node_modules\appium-chromium-driver\index.js
&amp#27;[38;5;112m[Appium]&amp#27;[0m Requiring driver at C:\Users\promp\.appium\node_modules\appium-chromium-driver\index.js
&amp#27;[38;5;112m[Appium]&amp#27;[0m Requiring driver at C:\Users\promp\.appium\node_modules\appium-uiautomator2-driver\build\index.js
&amp#27;[38;5;112m[Appium]&amp#27;[0m Requiring driver at C:\Users\promp\.appium\node_modules\appium-xcuitest-driver\build\index.js
&amp#27;[38;5;112m[Appium]&amp#27;[0m Requiring driver at C:\Users\promp\.appium\node_modules\appium-xcuitest-driver\build\index.js
&amp#27;[38;5;112m[Appium]&amp#27;[0m AndroidUiautomator2Driver has been successfully loaded in 6.981s
&amp#27;[38;5;112m[Appium]&amp#27;[0m ChromiumDriver has been successfully loaded in 6.980s
&amp#27;[38;5;112m[Appium]&amp#27;[0m XCUITestDriver has been successfully loaded in 6.981s
&amp#27;[38;5;112m[Appium]&amp#27;[0m Attempting to load driver safari...
&amp#27;[38;5;112m[Appium]&amp#27;[0m Requiring driver at C:\Users\promp\.appium\node_modules\appium-safari-driver\build\index.js
&amp#27;[38;5;112m[Appium]&amp#27;[0m AndroidUiautomator2Driver has been successfully loaded in 6.995s
&amp#27;[38;5;112m[Appium]&amp#27;[0m ChromiumDriver has been successfully loaded in 6.994s
&amp#27;[38;5;112m[Appium]&amp#27;[0m XCUITestDriver has been successfully loaded in 6.996s
&amp#27;[38;5;112m[Appium]&amp#27;[0m Attempting to load driver safari...
&amp#27;[38;5;112m[Appium]&amp#27;[0m Requiring driver at C:\Users\promp\.appium\node_modules\appium-safari-driver\build\index.js
&amp#27;[38;5;112m[Appium]&amp#27;[0m SafariDriver has been successfully loaded in 0.639s
&amp#27;[38;5;112m[Appium]&amp#27;[0m SafariDriver has been successfully loaded in 0.654s
&amp#27;[38;5;86m[HTTP]&amp#27;[0m Could not start REST http interface listener. The requested port may already be in use. Please make sure there is no other instance of this server running already.
&amp#27;[38;5;112m[Appium]&amp#27;[0m Could not configure Appium server. It's possible that a driver or plugin tried to update the server and failed. Original error: listen EADDRINUSE: address already in use 127.0.0.1:4723
&amp#27;[38;5;112m[Appium]&amp#27;[0m Error: listen EADDRINUSE: address already in use 127.0.0.1:4723
    at Server.setupListenHandle [as _listen2] (node:net:1898:16)
    at listenInCluster (node:net:1946:12)
    at doListen (node:net:2116:7)
    at processTicksAndRejections (node:internal/process/task_queues:83:21)
&amp#27;[38;5;112m[Appium]&amp#27;[0m Appium REST http interface listener started on http://127.0.0.1:4723
&amp#27;[38;5;112m[Appium]&amp#27;[0m Available drivers:
&amp#27;[38;5;112m[Appium]&amp#27;[0m   - uiautomator2@3.8.0 (automationName 'UiAutomator2')
&amp#27;[38;5;112m[Appium]&amp#27;[0m   - xcuitest@7.27.0 (automationName 'XCUITest')
&amp#27;[38;5;112m[Appium]&amp#27;[0m   - chromium@1.4.4 (automationName 'Chromium')
&amp#27;[38;5;112m[Appium]&amp#27;[0m   - safari@3.5.18 (automationName 'Safari')
&amp#27;[38;5;112m[Appium]&amp#27;[0m Available plugins:
&amp#27;[38;5;112m[Appium]&amp#27;[0m   - images@3.0.19
&amp#27;[38;5;112m[Appium]&amp#27;[0m   - universal-xml@1.0.23
&amp#27;[38;5;112m[Appium]&amp#27;[0m   - element-wait@3.0.2
&amp#27;[38;5;112m[Appium]&amp#27;[0m No plugins activated. Use the --use-plugins flag with names of plugins to activate
&amp#27;[38;5;86m[HTTP]&amp#27;[0m &amp#27;[37m-->&amp#27;[39m &amp#27;[37mGET&amp#27;[39m &amp#27;[37m/status&amp#27;[39m &amp#27;[90m{}&amp#27;[39m
&amp#27;[38;5;63m[AppiumDriver@9077]&amp#27;[0m Calling AppiumDriver.getStatus() with args: []
&amp#27;[38;5;63m[AppiumDriver@9077]&amp#27;[0m Responding to client with driver.getStatus() result: {"ready":true,"message":"The server is ready to accept new connections","build":{"version":"2.12.1"}}
&amp#27;[38;5;86m[HTTP]&amp#27;[0m &amp#27;[37m<-- GET /status &amp#27;[39m&amp#27;[32m200&amp#27;[39m &amp#27;[90m13 ms - 111&amp#27;[39m &amp#27;[90m&amp#27;[39m
&amp#27;[38;5;86m[HTTP]&amp#27;[0m &amp#27;[37m-->&amp#27;[39m &amp#27;[37mGET&amp#27;[39m &amp#27;[37m/status&amp#27;[39m &amp#27;[90m{}&amp#27;[39m
&amp#27;[38;5;63m[AppiumDriver@9077]&amp#27;[0m Calling AppiumDriver.getStatus() with args: []
&amp#27;[38;5;63m[AppiumDriver@9077]&amp#27;[0m Responding to client with driver.getStatus() result: {"ready":true,"message":"The server is ready to accept new connections","build":{"version":"2.12.1"}}
&amp#27;[38;5;86m[HTTP]&amp#27;[0m &amp#27;[37m<-- GET /status &amp#27;[39m&amp#27;[32m200&amp#27;[39m &amp#27;[90m5 ms - 111&amp#27;[39m &amp#27;[90m&amp#27;[39m
Appium server started successfully
Appium server started successfully
&amp#27;[38;5;86m[HTTP]&amp#27;[0m &amp#27;[37m-->&amp#27;[39m &amp#27;[37mGET&amp#27;[39m &amp#27;[37m/status&amp#27;[39m &amp#27;[90m{}&amp#27;[39m
&amp#27;[38;5;63m[AppiumDriver@9077]&amp#27;[0m Calling AppiumDriver.getStatus() with args: []
&amp#27;[38;5;63m[AppiumDriver@9077]&amp#27;[0m Responding to client with driver.getStatus() result: {"ready":true,"message":"The server is ready to accept new connections","build":{"version":"2.12.1"}}
Appium server started successfully
&amp#27;[38;5;86m[HTTP]&amp#27;[0m &amp#27;[37m<-- GET /status &amp#27;[39m&amp#27;[32m200&amp#27;[39m &amp#27;[90m3 ms - 111&amp#27;[39m &amp#27;[90m&amp#27;[39m
&amp#27;[38;5;112m[Appium]&amp#27;[0m ChromiumDriver has been successfully loaded in 8.074s
&amp#27;[38;5;112m[Appium]&amp#27;[0m XCUITestDriver has been successfully loaded in 8.076s
&amp#27;[38;5;112m[Appium]&amp#27;[0m AndroidUiautomator2Driver has been successfully loaded in 8.079s
&amp#27;[38;5;112m[Appium]&amp#27;[0m Attempting to load driver safari...
&amp#27;[38;5;112m[Appium]&amp#27;[0m Requiring driver at C:\Users\promp\.appium\node_modules\appium-safari-driver\build\index.js
&amp#27;[38;5;112m[Appium]&amp#27;[0m SafariDriver has been successfully loaded in 0.484s
&amp#27;[38;5;86m[HTTP]&amp#27;[0m Could not start REST http interface listener. The requested port may already be in use. Please make sure there is no other instance of this server running already.
&amp#27;[38;5;112m[Appium]&amp#27;[0m Could not configure Appium server. It's possible that a driver or plugin tried to update the server and failed. Original error: listen EADDRINUSE: address already in use 127.0.0.1:4723
&amp#27;[38;5;112m[Appium]&amp#27;[0m Error: listen EADDRINUSE: address already in use 127.0.0.1:4723
    at Server.setupListenHandle [as _listen2] (node:net:1898:16)
    at listenInCluster (node:net:1946:12)
    at doListen (node:net:2116:7)
    at processTicksAndRejections (node:internal/process/task_queues:83:21)
Restarting app...
Restarting app...
Restarting app...
]]></system-out>
    <system-err><![CDATA[SLF4J(W): No SLF4J providers were found.
SLF4J(W): Defaulting to no-operation (NOP) logger implementation
SLF4J(W): See https://www.slf4j.org/codes.html#noProviders for further details.
]]></system-err>
  </testcase>
  <testcase name="GeneralStoretest[{name=Mounika, country=Denmark, gender=female}](1)" classname="com.pack.testsuite.GeneralStore" time="16.79">
    <system-out><![CDATA[Restarting app...
]]></system-out>
  </testcase>
  <testcase name="GeneralStoretest[{name=Mounika, country=Denmark, gender=female}](1)" classname="com.pack.testsuite.GeneralStore" time="9.407">
    <system-out><![CDATA[Restarting app...
]]></system-out>
  </testcase>
  <testcase name="GeneralStoretest[{name=Anand, country=Argentina, gender=male}](2)" classname="com.pack.testsuite.GeneralStore" time="12.198">
    <system-out><![CDATA[Restarting app...
]]></system-out>
  </testcase>
  <testcase name="GeneralStoretest[{name=Anand, country=Argentina, gender=male}](2)" classname="com.pack.testsuite.GeneralStore" time="1.795">
    <system-out><![CDATA[Restarting app...
]]></system-out>
  </testcase>
  <testcase name="GeneralStoretest[{name=Anand, country=Argentina, gender=male}](2)" classname="com.pack.testsuite.GeneralStore" time="11.982">
    <system-out><![CDATA[Restarting app...
]]></system-out>
  </testcase>
  <testcase name="GeneralStoretest[{name=Mounika, country=Denmark, gender=female}](3)" classname="com.pack.testsuite.GeneralStore" time="3.437">
    <system-out><![CDATA[Restarting app...
]]></system-out>
  </testcase>
  <testcase name="GeneralStoretest[{name=Mounika, country=Denmark, gender=female}](3)" classname="com.pack.testsuite.GeneralStore" time="12.272">
    <system-out><![CDATA[Driver quit successfully
]]></system-out>
  </testcase>
  <testcase name="GeneralStoretest[{name=Mounika, country=Denmark, gender=female}](3)" classname="com.pack.testsuite.GeneralStore" time="29.966">
    <system-out><![CDATA[Driver quit successfully
]]></system-out>
  </testcase>
</testsuite>